NoteCollector/app/build/intermediates/manifest_merge_blame_file/debug/manifest-merger-blame-debug-report.txt
1<?xml version="1.0" encoding="utf-8"?>
2<manifest xmlns:android="http://schemas.android.com/apk/res/android"
3    package="com.example.android.notecollector"
4    android:versionCode="1"
5    android:versionName="1.0" >
6
7    <uses-sdk
8        android:minSdkVersion="22"
8-->src\main\AndroidManifest.xml
9        android:targetSdkVersion="30" />
9-->src\main\AndroidManifest.xml
10
11    <application
11-->src\main\AndroidManifest.xml:5:5-31:19
12        android:allowBackup="true"
12-->src\main\AndroidManifest.xml:6:9-35
13        android:appComponentFactory="android.support.v4.app.CoreComponentFactory"
13-->[com.android.support:support-compat:28.0.0] AndroidManifest.xml:22:18-91
14        android:debuggable="true"
15        android:icon="@mipmap/ic_launcher"
15-->src\main\AndroidManifest.xml:7:9-43
16        android:label="@string/app_name"
16-->src\main\AndroidManifest.xml:8:9-41
17        android:roundIcon="@mipmap/ic_launcher_round"
17-->src\main\AndroidManifest.xml:9:9-54
18        android:supportsRtl="true"
18-->src\main\AndroidManifest.xml:10:9-35
19        android:testOnly="true"
20        android:theme="@style/AppTheme" >
20-->src\main\AndroidManifest.xml:11:9-40
21        <activity android:name="com.example.android.notecollector.MainActivity" >
21-->src\main\AndroidManifest.xml:12:9-18:20
21-->src\main\AndroidManifest.xml:12:19-47
22            <intent-filter>
22-->src\main\AndroidManifest.xml:13:13-17:29
23                <action android:name="android.intent.action.MAIN" />
23-->src\main\AndroidManifest.xml:14:17-69
23-->src\main\AndroidManifest.xml:14:25-66
24
25                <category android:name="android.intent.category.LAUNCHER" />
25-->src\main\AndroidManifest.xml:16:17-77
25-->src\main\AndroidManifest.xml:16:27-74
26            </intent-filter>
27        </activity>
28        <activity
28-->src\main\AndroidManifest.xml:19:9-22:44
29            android:name="com.example.android.notecollector.TracksActivity"
29-->src\main\AndroidManifest.xml:20:13-43
30            android:label="@string/tracks"
30-->src\main\AndroidManifest.xml:21:13-43
31            android:theme="@style/track" />
31-->src\main\AndroidManifest.xml:22:13-41
32        <activity
32-->src\main\AndroidManifest.xml:23:9-26:45
33            android:name="com.example.android.notecollector.ArtistActivity"
33-->src\main\AndroidManifest.xml:24:13-43
34            android:label="@string/artist"
34-->src\main\AndroidManifest.xml:25:13-43
35            android:theme="@style/artist" />
35-->src\main\AndroidManifest.xml:26:13-42
36        <activity
36-->src\main\AndroidManifest.xml:27:9-30:49
37            android:name="com.example.android.notecollector.NowPlayingActivity"
37-->src\main\AndroidManifest.xml:28:13-47
38            android:label="@string/now_playing"
38-->src\main\AndroidManifest.xml:29:13-48
39            android:theme="@style/nowPlaying" />
39-->src\main\AndroidManifest.xml:30:13-46
40    </application>
41
42</manifest>